<?xml version="1.0" encoding="UTF-8"?>
<testng-results ignored="0" total="1" passed="1" failed="0" skipped="0">
  <reporter-output>
  </reporter-output>
  <suite started-at="2023-11-20T11:34:56 IST" name="Default suite" finished-at="2023-11-20T11:35:06 IST" duration-ms="9741">
    <groups>
    </groups>
    <test started-at="2023-11-20T11:34:56 IST" name="Default test" finished-at="2023-11-20T11:35:06 IST" duration-ms="9741">
      <class name="org.onlySe.InterviewTask">
        <test-method is-config="true" signature="launchBrowser()[pri:0, instance:org.onlySe.InterviewTask@746b18fd]" started-at="2023-11-20T11:34:56 IST" name="launchBrowser" finished-at="2023-11-20T11:34:56 IST" duration-ms="396" status="PASS">
          <reporter-output>
          </reporter-output>
        </test-method> <!-- launchBrowser -->
        <test-method signature="googleForm()[pri:0, instance:org.onlySe.InterviewTask@746b18fd]" started-at="2023-11-20T11:34:56 IST" name="googleForm" finished-at="2023-11-20T11:35:05 IST" duration-ms="8945" status="PASS">
          <reporter-output>
          </reporter-output>
        </test-method> <!-- googleForm -->
        <test-method is-config="true" signature="validateMsg()[pri:0, instance:org.onlySe.InterviewTask@746b18fd]" started-at="2023-11-20T11:35:05 IST" name="validateMsg" finished-at="2023-11-20T11:35:06 IST" duration-ms="243" status="PASS">
          <reporter-output>
          </reporter-output>
        </test-method> <!-- validateMsg -->
      </class> <!-- org.onlySe.InterviewTask -->
    </test> <!-- Default test -->
  </suite> <!-- Default suite -->
</testng-results>
