<?xml version="1.0" encoding="UTF-8"?>
<!-- Generated by org.testng.reporters.JUnitXMLReporter -->
<testsuite ignored="0" hostname="DESKTOP-6KN58PQ" failures="0" tests="3" name="Test cases" time="10.9" errors="0" timestamp="14 Sep 2023 08:58:54 GMT">
  <testcase classname="org.browser.ParallelEx" name="bing" time="8.026"/>
  <testcase classname="org.browser.ParallelEx" name="google" time="9.323"/>
  <testcase classname="org.browser.ParallelEx" name="yahoo" time="10.858"/>
</testsuite> <!-- Test cases -->
