<?xml version="1.0" encoding="UTF-8"?>
<testng-results ignored="0" total="1" passed="1" failed="0" skipped="0">
  <reporter-output>
  </reporter-output>
  <suite started-at="2024-01-30T15:44:30 IST" name="Default suite" finished-at="2024-01-30T15:44:41 IST" duration-ms="11754">
    <groups>
    </groups>
    <test started-at="2024-01-30T15:44:30 IST" name="Default test" finished-at="2024-01-30T15:44:41 IST" duration-ms="11754">
      <class name="lvl1.HTTPRequests">
        <test-method signature="getUser()[pri:0, instance:lvl1.HTTPRequests@54bff557]" started-at="2024-01-30T15:44:30 IST" name="getUser" finished-at="2024-01-30T15:44:41 IST" duration-ms="11677" status="PASS">
          <reporter-output>
          </reporter-output>
        </test-method> <!-- getUser -->
      </class> <!-- lvl1.HTTPRequests -->
    </test> <!-- Default test -->
  </suite> <!-- Default suite -->
</testng-results>
